<?xml version="1.0" encoding="UTF-8"?>
<testsuite xmlns:xsi="http://www.w3.org/2001/XMLSchema-instance" xsi:noNamespaceSchemaLocation="https://maven.apache.org/surefire/maven-surefire-plugin/xsd/surefire-test-report.xsd" version="3.0.2" name="com.example.task_manager.TaskManagerApplicationTests" time="1.935" tests="1" errors="0" skipped="0" failures="0">
  <properties>
[...]
</properties>
  <testcase name="contextLoads" classname="com.example.task_manager.TaskManagerApplicationTests" time="0.415">
    <system-out><![CDATA[17:03:38.950 [main] INFO org.springframework.test.context.support.AnnotationConfigContextLoaderUtils -- Could not detect default configuration classes for test class [com.example.task_manager.TaskManagerApplicationTests]: TaskManagerApplicationTests does not declare any static, non-private, non-final, nested classes annotated with @Configuration.
17:03:39.003 [main] INFO org.springframework.boot.test.context.SpringBootTestContextBootstrapper -- Found @SpringBootConfiguration com.example.task_manager.TaskManagerApplication for test class com.example.task_manager.TaskManagerApplicationTests
17:03:39.063 [main] INFO org.springframework.boot.devtools.restart.RestartApplicationListener -- Restart disabled due to context in which it is running

  .   ____          _            __ _ _
 /\\ / ___'_ __ _ _(_)_ __  __ _ \ \ \ \
( ( )\___ | '_ | '_| | '_ \/ _` | \ \ \ \
 \\/  ___)| |_)| | | | | || (_| |  ) ) ) )
  '  |____| .__|_| |_|_| |_\__, | / / / /
 =========|_|==============|___/=/_/_/_/

 :: Spring Boot ::                (v3.4.0)

2025-01-25T17:03:39.228+05:30  INFO 30854 --- [task-manager] [           main] c.e.t.TaskManagerApplicationTests        : Starting TaskManagerApplicationTests using Java 22.0.1 with PID 30854 (started by pranshitaagrawal in /Users/pranshitaagrawal/Desktop/Learn/proj/task-manager-service-copy)
2025-01-25T17:03:39.229+05:30  INFO 30854 --- [task-manager] [           main] c.e.t.TaskManagerApplicationTests        : No active profile set, falling back to 1 default profile: "default"
2025-01-25T17:03:39.490+05:30  INFO 30854 --- [task-manager] [           main] .s.d.r.c.RepositoryConfigurationDelegate : Bootstrapping Spring Data MongoDB repositories in DEFAULT mode.
2025-01-25T17:03:39.510+05:30  INFO 30854 --- [task-manager] [           main] .s.d.r.c.RepositoryConfigurationDelegate : Finished Spring Data repository scanning in 17 ms. Found 2 MongoDB repository interfaces.
2025-01-25T17:03:39.831+05:30  INFO 30854 --- [task-manager] [           main] org.mongodb.driver.client                : MongoClient with metadata {"driver": {"name": "mongo-java-driver|sync|spring-boot", "version": "5.2.1"}, "os": {"type": "Darwin", "name": "Mac OS X", "architecture": "aarch64", "version": "14.6.1"}, "platform": "Java/Oracle Corporation/22.0.1+8-16"} created with settings MongoClientSettings{readPreference=primary, writeConcern=WriteConcern{w=null, wTimeout=null ms, journal=null}, retryWrites=true, retryReads=true, readConcern=ReadConcern{level=null}, credential=MongoCredential{mechanism=SCRAM-SHA-1, userName='pranshitaa', source='admin', password=<hidden>, mechanismProperties=<hidden>}, transportSettings=null, commandListeners=[], codecRegistry=ProvidersCodecRegistry{codecProviders=[ValueCodecProvider{}, BsonValueCodecProvider{}, DBRefCodecProvider{}, DBObjectCodecProvider{}, DocumentCodecProvider{}, CollectionCodecProvider{}, IterableCodecProvider{}, MapCodecProvider{}, GeoJsonCodecProvider{}, GridFSFileCodecProvider{}, Jsr310CodecProvider{}, JsonObjectCodecProvider{}, BsonCodecProvider{}, EnumCodecProvider{}, com.mongodb.client.model.mql.ExpressionCodecProvider@b9d018b, com.mongodb.Jep395RecordCodecProvider@429aeac1, com.mongodb.KotlinCodecProvider@79eeff87]}, loggerSettings=LoggerSettings{maxDocumentLength=1000}, clusterSettings={hosts=[127.0.0.1:27017], srvHost=cluster0.opmia.mongodb.net, srvServiceName=mongodb, mode=MULTIPLE, requiredClusterType=REPLICA_SET, requiredReplicaSetName='atlas-11bzzk-shard-0', serverSelector='null', clusterListeners='[]', serverSelectionTimeout='30000 ms', localThreshold='15 ms'}, socketSettings=SocketSettings{connectTimeoutMS=10000, readTimeoutMS=0, receiveBufferSize=0, proxySettings=ProxySettings{host=null, port=null, username=null, password=null}}, heartbeatSocketSettings=SocketSettings{connectTimeoutMS=10000, readTimeoutMS=10000, receiveBufferSize=0, proxySettings=ProxySettings{host=null, port=null, username=null, password=null}}, connectionPoolSettings=ConnectionPoolSettings{maxSize=100, minSize=0, maxWaitTimeMS=120000, maxConnectionLifeTimeMS=0, maxConnectionIdleTimeMS=0, maintenanceInitialDelayMS=0, maintenanceFrequencyMS=60000, connectionPoolListeners=[], maxConnecting=2}, serverSettings=ServerSettings{heartbeatFrequencyMS=10000, minHeartbeatFrequencyMS=500, serverMonitoringMode=AUTO, serverListeners='[]', serverMonitorListeners='[]'}, sslSettings=SslSettings{enabled=true, invalidHostNameAllowed=false, context=null}, applicationName='null', compressorList=[], uuidRepresentation=JAVA_LEGACY, serverApi=null, autoEncryptionSettings=null, dnsClient=null, inetAddressResolver=null, contextProvider=null, timeoutMS=null}
2025-01-25T17:03:39.843+05:30  INFO 30854 --- [task-manager] [mia.mongodb.net] org.mongodb.driver.cluster               : Adding discovered server cluster0-shard-00-02.opmia.mongodb.net:27017 to client view of cluster
2025-01-25T17:03:39.863+05:30  INFO 30854 --- [task-manager] [mia.mongodb.net] org.mongodb.driver.cluster               : Adding discovered server cluster0-shard-00-01.opmia.mongodb.net:27017 to client view of cluster
2025-01-25T17:03:39.864+05:30  INFO 30854 --- [task-manager] [mia.mongodb.net] org.mongodb.driver.cluster               : Adding discovered server cluster0-shard-00-00.opmia.mongodb.net:27017 to client view of cluster
2025-01-25T17:03:40.202+05:30  INFO 30854 --- [task-manager] [           main] eAuthenticationProviderManagerConfigurer : Global AuthenticationManager configured with AuthenticationProvider bean with name authenticationProvider
2025-01-25T17:03:40.203+05:30  WARN 30854 --- [task-manager] [           main] r$InitializeUserDetailsManagerConfigurer : Global AuthenticationManager configured with an AuthenticationProvider bean. UserDetailsService beans will not be used by Spring Security for automatically configuring username/password login. Consider removing the AuthenticationProvider bean. Alternatively, consider using the UserDetailsService in a manually instantiated DaoAuthenticationProvider. If the current configuration is intentional, to turn off this warning, increase the logging level of 'org.springframework.security.config.annotation.authentication.configuration.InitializeUserDetailsBeanManagerConfigurer' to ERROR
2025-01-25T17:03:40.250+05:30  INFO 30854 --- [task-manager] [ngodb.net:27017] org.mongodb.driver.cluster               : Monitor thread successfully connected to server with description ServerDescription{address=cluster0-shard-00-00.opmia.mongodb.net:27017, type=REPLICA_SET_SECONDARY, cryptd=false, state=CONNECTED, ok=true, minWireVersion=0, maxWireVersion=25, maxDocumentSize=16777216, logicalSessionTimeoutMinutes=30, roundTripTimeNanos=191648708, minRoundTripTimeNanos=0, setName='atlas-11bzzk-shard-0', canonicalAddress=cluster0-shard-00-00.opmia.mongodb.net:27017, hosts=[cluster0-shard-00-00.opmia.mongodb.net:27017, cluster0-shard-00-01.opmia.mongodb.net:27017, cluster0-shard-00-02.opmia.mongodb.net:27017], passives=[], arbiters=[], primary='cluster0-shard-00-01.opmia.mongodb.net:27017', tagSet=TagSet{[Tag{name='availabilityZone', value='aps1-az1'}, Tag{name='diskState', value='READY'}, Tag{name='nodeType', value='ELECTABLE'}, Tag{name='provider', value='AWS'}, Tag{name='region', value='AP_SOUTH_1'}, Tag{name='workloadType', value='OPERATIONAL'}]}, electionId=null, setVersion=1, topologyVersion=TopologyVersion{processId=67949eb4e655825057222cf9, counter=4}, lastWriteDate=Sat Jan 25 17:03:40 IST 2025, lastUpdateTimeNanos=118711716590583}
2025-01-25T17:03:40.251+05:30  INFO 30854 --- [task-manager] [ngodb.net:27017] org.mongodb.driver.cluster               : Monitor thread successfully connected to server with description ServerDescription{address=cluster0-shard-00-02.opmia.mongodb.net:27017, type=REPLICA_SET_SECONDARY, cryptd=false, state=CONNECTED, ok=true, minWireVersion=0, maxWireVersion=25, maxDocumentSize=16777216, logicalSessionTimeoutMinutes=30, roundTripTimeNanos=191662125, minRoundTripTimeNanos=0, setName='atlas-11bzzk-shard-0', canonicalAddress=cluster0-shard-00-02.opmia.mongodb.net:27017, hosts=[cluster0-shard-00-00.opmia.mongodb.net:27017, cluster0-shard-00-01.opmia.mongodb.net:27017, cluster0-shard-00-02.opmia.mongodb.net:27017], passives=[], arbiters=[], primary='cluster0-shard-00-01.opmia.mongodb.net:27017', tagSet=TagSet{[Tag{name='availabilityZone', value='aps1-az2'}, Tag{name='diskState', value='READY'}, Tag{name='nodeType', value='ELECTABLE'}, Tag{name='provider', value='AWS'}, Tag{name='region', value='AP_SOUTH_1'}, Tag{name='workloadType', value='OPERATIONAL'}]}, electionId=null, setVersion=1, topologyVersion=TopologyVersion{processId=6794a177ec14e50cba9cc727, counter=3}, lastWriteDate=Sat Jan 25 17:03:40 IST 2025, lastUpdateTimeNanos=118711716596666}
2025-01-25T17:03:40.251+05:30  INFO 30854 --- [task-manager] [ngodb.net:27017] org.mongodb.driver.cluster               : Monitor thread successfully connected to server with description ServerDescription{address=cluster0-shard-00-01.opmia.mongodb.net:27017, type=REPLICA_SET_PRIMARY, cryptd=false, state=CONNECTED, ok=true, minWireVersion=0, maxWireVersion=25, maxDocumentSize=16777216, logicalSessionTimeoutMinutes=30, roundTripTimeNanos=191662917, minRoundTripTimeNanos=0, setName='atlas-11bzzk-shard-0', canonicalAddress=cluster0-shard-00-01.opmia.mongodb.net:27017, hosts=[cluster0-shard-00-00.opmia.mongodb.net:27017, cluster0-shard-00-01.opmia.mongodb.net:27017, cluster0-shard-00-02.opmia.mongodb.net:27017], passives=[], arbiters=[], primary='cluster0-shard-00-01.opmia.mongodb.net:27017', tagSet=TagSet{[Tag{name='availabilityZone', value='aps1-az3'}, Tag{name='diskState', value='READY'}, Tag{name='nodeType', value='ELECTABLE'}, Tag{name='provider', value='AWS'}, Tag{name='region', value='AP_SOUTH_1'}, Tag{name='workloadType', value='OPERATIONAL'}]}, electionId=7fffffff0000000000000059, setVersion=1, topologyVersion=TopologyVersion{processId=6794a03d42e1d1639f2d129f, counter=6}, lastWriteDate=Sat Jan 25 17:03:40 IST 2025, lastUpdateTimeNanos=118711716596666}
2025-01-25T17:03:40.254+05:30  INFO 30854 --- [task-manager] [ngodb.net:27017] org.mongodb.driver.cluster               : Discovered replica set primary cluster0-shard-00-01.opmia.mongodb.net:27017 with max election id 7fffffff0000000000000059 and max set version 1
2025-01-25T17:03:40.286+05:30 DEBUG 30854 --- [task-manager] [           main] o.s.s.web.DefaultSecurityFilterChain     : Will secure any request with filters: DisableEncodeUrlFilter, WebAsyncManagerIntegrationFilter, SecurityContextHolderFilter, HeaderWriterFilter, CorsFilter, LogoutFilter, Jwtfilter, RequestCacheAwareFilter, SecurityContextHolderAwareRequestFilter, AnonymousAuthenticationFilter, SessionManagementFilter, ExceptionTranslationFilter, AuthorizationFilter
2025-01-25T17:03:40.387+05:30  INFO 30854 --- [task-manager] [           main] c.e.t.TaskManagerApplicationTests        : Started TaskManagerApplicationTests in 1.328 seconds (process running for 1.765)
]]></system-out>
    <system-err><![CDATA[Mockito is currently self-attaching to enable the inline-mock-maker. This will no longer work in future releases of the JDK. Please add Mockito as an agent to your build what is described in Mockito's documentation: https://javadoc.io/doc/org.mockito/mockito-core/latest/org/mockito/Mockito.html#0.3
WARNING: A Java agent has been loaded dynamically (/Users/pranshitaagrawal/.m2/repository/net/bytebuddy/byte-buddy-agent/1.15.10/byte-buddy-agent-1.15.10.jar)
WARNING: If a serviceability tool is in use, please run with -XX:+EnableDynamicAgentLoading to hide this warning
WARNING: If a serviceability tool is not in use, please run with -Djdk.instrument.traceUsage for more information
WARNING: Dynamic loading of agents will be disallowed by default in a future release
]]></system-err>
  </testcase>
</testsuite>